Determining if the pthread_create exist failed with the following output:
Change Dir: /home/gaut/Documents/Workspace/ROS/catkin_ws/src/semic_p3at_2018/cmake-build-debug/CMakeFiles/CMakeTmp

Run Build Command:"/usr/bin/make" "cmTC_838b4/fast"
/usr/bin/make -f CMakeFiles/cmTC_838b4.dir/build.make CMakeFiles/cmTC_838b4.dir/build
make[1]: Entering directory '/home/gaut/Documents/Workspace/ROS/catkin_ws/src/semic_p3at_2018/cmake-build-debug/CMakeFiles/CMakeTmp'
Building C object CMakeFiles/cmTC_838b4.dir/CheckSymbolExists.c.o
/usr/bin/cc    -o CMakeFiles/cmTC_838b4.dir/CheckSymbolExists.c.o   -c /home/gaut/Documents/Workspace/ROS/catkin_ws/src/semic_p3at_2018/cmake-build-debug/CMakeFiles/CMakeTmp/CheckSymbolExists.c
Linking C executable cmTC_838b4
/opt/clion-2018.2.4/bin/cmake/linux/bin/cmake -E cmake_link_script CMakeFiles/cmTC_838b4.dir/link.txt --verbose=1
/usr/bin/cc      -rdynamic CMakeFiles/cmTC_838b4.dir/CheckSymbolExists.c.o  -o cmTC_838b4 
CMakeFiles/cmTC_838b4.dir/CheckSymbolExists.c.o: In function `main':
CheckSymbolExists.c:(.text+0x16): undefined reference to `pthread_create'
collect2: error: ld returned 1 exit status
CMakeFiles/cmTC_838b4.dir/build.make:86: recipe for target 'cmTC_838b4' failed
make[1]: *** [cmTC_838b4] Error 1
make[1]: Leaving directory '/home/gaut/Documents/Workspace/ROS/catkin_ws/src/semic_p3at_2018/cmake-build-debug/CMakeFiles/CMakeTmp'
Makefile:121: recipe for target 'cmTC_838b4/fast' failed
make: *** [cmTC_838b4/fast] Error 2

File /home/gaut/Documents/Workspace/ROS/catkin_ws/src/semic_p3at_2018/cmake-build-debug/CMakeFiles/CMakeTmp/CheckSymbolExists.c:
/* */
#include <pthread.h>

int main(int argc, char** argv)
{
  (void)argv;
#ifndef pthread_create
  return ((int*)(&pthread_create))[argc];
#else
  (void)argc;
  return 0;
#endif
}

Determining if the function pthread_create exists in the pthreads failed with the following output:
Change Dir: /home/gaut/Documents/Workspace/ROS/catkin_ws/src/semic_p3at_2018/cmake-build-debug/CMakeFiles/CMakeTmp

Run Build Command:"/usr/bin/make" "cmTC_fba4c/fast"
/usr/bin/make -f CMakeFiles/cmTC_fba4c.dir/build.make CMakeFiles/cmTC_fba4c.dir/build
make[1]: Entering directory '/home/gaut/Documents/Workspace/ROS/catkin_ws/src/semic_p3at_2018/cmake-build-debug/CMakeFiles/CMakeTmp'
Building C object CMakeFiles/cmTC_fba4c.dir/CheckFunctionExists.c.o
/usr/bin/cc   -DCHECK_FUNCTION_EXISTS=pthread_create   -o CMakeFiles/cmTC_fba4c.dir/CheckFunctionExists.c.o   -c /opt/clion-2018.2.4/bin/cmake/linux/share/cmake-3.12/Modules/CheckFunctionExists.c
Linking C executable cmTC_fba4c
/opt/clion-2018.2.4/bin/cmake/linux/bin/cmake -E cmake_link_script CMakeFiles/cmTC_fba4c.dir/link.txt --verbose=1
/usr/bin/cc  -DCHECK_FUNCTION_EXISTS=pthread_create    -rdynamic CMakeFiles/cmTC_fba4c.dir/CheckFunctionExists.c.o  -o cmTC_fba4c -lpthreads 
/usr/bin/ld: cannot find -lpthreads
collect2: error: ld returned 1 exit status
CMakeFiles/cmTC_fba4c.dir/build.make:86: recipe for target 'cmTC_fba4c' failed
make[1]: *** [cmTC_fba4c] Error 1
make[1]: Leaving directory '/home/gaut/Documents/Workspace/ROS/catkin_ws/src/semic_p3at_2018/cmake-build-debug/CMakeFiles/CMakeTmp'
Makefile:121: recipe for target 'cmTC_fba4c/fast' failed
make: *** [cmTC_fba4c/fast] Error 2


